2018-03-21 14:10:46.409  INFO 44239 --- [main] c.u.i.e.EmployerRegistration             : Starting EmployerRegistration on LAMU02SGE4KG8WP.uhc.com with PID 44239 (/Users/hrachako/git/EmployerRegistration/target/classes started by hrachako in /Users/hrachako/git/EmployerRegistration)
2018-03-21 14:10:46.411  INFO 44239 --- [main] c.u.i.e.EmployerRegistration             : The following profiles are active: madhuri
2018-03-21 14:10:46.458  INFO 44239 --- [main] ationConfigEmbeddedWebApplicationContext : Refreshing org.springframework.boot.context.embedded.AnnotationConfigEmbeddedWebApplicationContext@4206a205: startup date [Wed Mar 21 14:10:46 CDT 2018]; root of context hierarchy
2018-03-21 14:10:47.591  INFO 44239 --- [main] s.b.c.e.t.TomcatEmbeddedServletContainer : Tomcat initialized with port(s): 8080 (http)
2018-03-21 14:10:47.606  INFO 44239 --- [main] o.apache.catalina.core.StandardService   : Starting service [Tomcat]
2018-03-21 14:10:47.608  INFO 44239 --- [main] org.apache.catalina.core.StandardEngine  : Starting Servlet Engine: Apache Tomcat/8.5.15
2018-03-21 14:10:47.744  INFO 44239 --- [localhost-startStop-1] org.apache.jasper.servlet.TldScanner     : At least one JAR was scanned for TLDs yet contained no TLDs. Enable debug logging for this logger for a complete list of JARs that were scanned but no TLDs were found in them. Skipping unneeded JARs during scanning can improve startup time and JSP compilation time.
2018-03-21 14:10:47.747  INFO 44239 --- [localhost-startStop-1] o.a.c.c.C.[Tomcat].[localhost].[/]       : Initializing Spring embedded WebApplicationContext
2018-03-21 14:10:47.747  INFO 44239 --- [localhost-startStop-1] o.s.web.context.ContextLoader            : Root WebApplicationContext: initialization completed in 1291 ms
2018-03-21 14:10:47.863  INFO 44239 --- [localhost-startStop-1] o.s.b.w.servlet.ServletRegistrationBean  : Mapping servlet: 'dispatcherServlet' to [/]
2018-03-21 14:10:47.867  INFO 44239 --- [localhost-startStop-1] o.s.b.w.servlet.FilterRegistrationBean   : Mapping filter: 'characterEncodingFilter' to: [/*]
2018-03-21 14:10:47.868  INFO 44239 --- [localhost-startStop-1] o.s.b.w.servlet.FilterRegistrationBean   : Mapping filter: 'hiddenHttpMethodFilter' to: [/*]
2018-03-21 14:10:47.868  INFO 44239 --- [localhost-startStop-1] o.s.b.w.servlet.FilterRegistrationBean   : Mapping filter: 'httpPutFormContentFilter' to: [/*]
2018-03-21 14:10:47.868  INFO 44239 --- [localhost-startStop-1] o.s.b.w.servlet.FilterRegistrationBean   : Mapping filter: 'requestContextFilter' to: [/*]
2018-03-21 14:10:49.469  INFO 44239 --- [main] j.LocalContainerEntityManagerFactoryBean : Building JPA container EntityManagerFactory for persistence unit 'default'
2018-03-21 14:10:50.129  INFO 44239 --- [main] j.LocalContainerEntityManagerFactoryBean : Initialized JPA EntityManagerFactory for persistence unit 'default'
2018-03-21 14:10:50.547  INFO 44239 --- [main] s.w.s.m.m.a.RequestMappingHandlerAdapter : Looking for @ControllerAdvice: org.springframework.boot.context.embedded.AnnotationConfigEmbeddedWebApplicationContext@4206a205: startup date [Wed Mar 21 14:10:46 CDT 2018]; root of context hierarchy
2018-03-21 14:10:50.622  INFO 44239 --- [main] s.w.s.m.m.a.RequestMappingHandlerMapping : Mapped "{[/postemployer],methods=[POST]}" onto public void com.uhg.interview.employeregistration.controller.EmployerController.postemployer(com.uhg.interview.employeregistration.model.Employer)
2018-03-21 14:10:50.624  INFO 44239 --- [main] s.w.s.m.m.a.RequestMappingHandlerMapping : Mapped "{[/employer/{id}]}" onto public com.uhg.interview.employeregistration.message.Response com.uhg.interview.employeregistration.controller.EmployerController.findemployerById(long)
2018-03-21 14:10:50.624  INFO 44239 --- [main] s.w.s.m.m.a.RequestMappingHandlerMapping : Mapped "{[/findbylastname]}" onto public com.uhg.interview.employeregistration.message.Response com.uhg.interview.employeregistration.controller.EmployerController.findByLastName(java.lang.String)
2018-03-21 14:10:50.624  INFO 44239 --- [main] s.w.s.m.m.a.RequestMappingHandlerMapping : Mapped "{[/update/employer],methods=[POST]}" onto public com.uhg.interview.employeregistration.model.Employer com.uhg.interview.employeregistration.controller.EmployerController.editemployer(com.uhg.interview.employeregistration.model.Employer)
2018-03-21 14:10:50.624  INFO 44239 --- [main] s.w.s.m.m.a.RequestMappingHandlerMapping : Mapped "{[/findall]}" onto public com.uhg.interview.employeregistration.message.Response com.uhg.interview.employeregistration.controller.EmployerController.findAll()
2018-03-21 14:10:50.625  INFO 44239 --- [main] s.w.s.m.m.a.RequestMappingHandlerMapping : Mapped "{[/]}" onto org.springframework.web.servlet.ModelAndView com.uhg.interview.employeregistration.controller.WebController.home(org.springframework.web.servlet.ModelAndView)
2018-03-21 14:10:50.628  INFO 44239 --- [main] s.w.s.m.m.a.RequestMappingHandlerMapping : Mapped "{[/error]}" onto public org.springframework.http.ResponseEntity<java.util.Map<java.lang.String, java.lang.Object>> org.springframework.boot.autoconfigure.web.BasicErrorController.error(javax.servlet.http.HttpServletRequest)
2018-03-21 14:10:50.628  INFO 44239 --- [main] s.w.s.m.m.a.RequestMappingHandlerMapping : Mapped "{[/error],produces=[text/html]}" onto public org.springframework.web.servlet.ModelAndView org.springframework.boot.autoconfigure.web.BasicErrorController.errorHtml(javax.servlet.http.HttpServletRequest,javax.servlet.http.HttpServletResponse)
2018-03-21 14:10:50.655  INFO 44239 --- [main] o.s.w.s.handler.SimpleUrlHandlerMapping  : Mapped URL path [/webjars/**] onto handler of type [class org.springframework.web.servlet.resource.ResourceHttpRequestHandler]
2018-03-21 14:10:50.655  INFO 44239 --- [main] o.s.w.s.handler.SimpleUrlHandlerMapping  : Mapped URL path [/**] onto handler of type [class org.springframework.web.servlet.resource.ResourceHttpRequestHandler]
2018-03-21 14:10:50.684  INFO 44239 --- [main] o.s.w.s.handler.SimpleUrlHandlerMapping  : Mapped URL path [/**/favicon.ico] onto handler of type [class org.springframework.web.servlet.resource.ResourceHttpRequestHandler]
2018-03-21 14:10:50.897  INFO 44239 --- [main] o.s.j.e.a.AnnotationMBeanExporter        : Registering beans for JMX exposure on startup
2018-03-21 14:10:50.968  INFO 44239 --- [main] s.b.c.e.t.TomcatEmbeddedServletContainer : Tomcat started on port(s): 8080 (http)
2018-03-21 14:10:50.973  INFO 44239 --- [main] c.u.i.e.EmployerRegistration             : Started EmployerRegistration in 5.345 seconds (JVM running for 5.644)
2018-03-21 14:11:10.312  INFO 44239 --- [http-nio-8080-exec-1] o.a.c.c.C.[Tomcat].[localhost].[/]       : Initializing Spring FrameworkServlet 'dispatcherServlet'
2018-03-21 14:11:10.313  INFO 44239 --- [http-nio-8080-exec-1] o.s.web.servlet.DispatcherServlet        : FrameworkServlet 'dispatcherServlet': initialization started
2018-03-21 14:11:10.330  INFO 44239 --- [http-nio-8080-exec-1] o.s.web.servlet.DispatcherServlet        : FrameworkServlet 'dispatcherServlet': initialization completed in 17 ms
2018-03-21 14:11:13.615 DEBUG 44239 --- [http-nio-8080-exec-4] c.u.i.e.controller.EmployerController    : POST  /postemployer, RequestBody Employer[id=0, firstName='56789', lastName='56789']
